DEBUG:root:This is a debug log.
DEBUG:root:1001|0||的十分
DEBUG:root:This is a debug log.
DEBUG:root:1001|1|七号技师很非常高兴为您服务|瞿壮
DEBUG:root:This is a debug log.
DEBUG:root:1001|1|七号技师很非常高兴为您服务|瞿壮
DEBUG:root:This is a debug log.
DEBUG:root:1001|0||安抚
DEBUG:root:This is a debug log.
DEBUG:root:1001|0||阿达
DEBUG:root:This is a debug log.
DEBUG:root:1001|0||的萨芬
DEBUG:root:1001|1|七号技师很非常高兴为您服务|瞿壮
DEBUG:root:This is a debug log.
DEBUG:root:This is a debug log.
DEBUG:root:This is a debug log.
DEBUG:root:This is a debug log.
DEBUG:root:This is a debug log.
DEBUG:root:This is a debug log.
DEBUG:root:This is a debug log.
DEBUG:root:This is a debug log.
DEBUG:root:This is a debug log.
DEBUG:root:This is a debug log.
DEBUG:root:This is a debug log.
DEBUG:root:This is a debug log.
DEBUG:root:This is a debug log.
DEBUG:root:This is a debug log.
DEBUG:root:This is a debug log.
DEBUG:root:This is a debug log.
DEBUG:root:This is a debug log.
DEBUG:root:This is a debug log.
DEBUG:root:This is a debug log.
DEBUG:root:This is a debug log.
DEBUG:root:This is a debug log.
DEBUG:root:This is a debug log.
DEBUG:root:This is a debug log.
DEBUG:root:This is a debug log.
DEBUG:root:This is a debug log.
DEBUG:root:This is a debug log.
DEBUG:root:This is a debug log.
DEBUG:root:This is a debug log.
DEBUG:root:This is a debug log.
DEBUG:root:This is a debug log.
DEBUG:root:This is a debug log.
DEBUG:root:This is a debug log.
DEBUG:root:This is a debug log.
DEBUG:root:This is a debug log.
DEBUG:root:This is a debug log.
DEBUG:root:This is a debug log.
DEBUG:root:This is a debug log.
DEBUG:root:This is a debug log.
DEBUG:root:This is a debug log.
DEBUG:root:This is a debug log.
DEBUG:root:This is a debug log.
DEBUG:root:This is a debug log.
DEBUG:root:This is a debug log.
DEBUG:root:This is a debug log.
DEBUG:root:This is a debug log.
DEBUG:root:This is a debug log.
DEBUG:root:This is a debug log.
DEBUG:root:This is a debug log.
DEBUG:root:This is a debug log.
DEBUG:root:This is a debug log.
DEBUG:root:This is a debug log.
DEBUG:root:This is a debug log.
DEBUG:root:This is a debug log.
DEBUG:root:This is a debug log.
DEBUG:root:This is a debug log.
DEBUG:root:This is a debug log.
DEBUG:root:This is a debug log.
DEBUG:root:This is a debug log.
DEBUG:root:This is a debug log.
DEBUG:root:This is a debug log.
DEBUG:root:This is a debug log.
DEBUG:root:This is a debug log.
DEBUG:root:This is a debug log.
DEBUG:root:This is a debug log.
DEBUG:root:This is a debug log.
DEBUG:root:This is a debug log.
DEBUG:root:This is a debug log.
DEBUG:root:This is a debug log.
DEBUG:root:This is a debug log.
DEBUG:root:This is a debug log.
DEBUG:root:This is a debug log.
DEBUG:root:This is a debug log.
DEBUG:root:This is a debug log.
DEBUG:root:This is a debug log.
DEBUG:root:This is a debug log.
DEBUG:root:This is a debug log.
DEBUG:root:This is a debug log.
DEBUG:root:This is a debug log.
DEBUG:root:This is a debug log.
DEBUG:root:This is a debug log.
DEBUG:root:This is a debug log.
DEBUG:root:This is a debug log.
DEBUG:root:This is a debug log.
DEBUG:root:This is a debug log.
DEBUG:root:This is a debug log.
DEBUG:root:This is a debug log.
DEBUG:root:This is a debug log.
DEBUG:root:This is a debug log.
DEBUG:root:This is a debug log.
DEBUG:root:This is a debug log.
DEBUG:root:This is a debug log.
DEBUG:root:This is a debug log.
DEBUG:root:This is a debug log.
DEBUG:root:This is a debug log.
DEBUG:root:This is a debug log.
DEBUG:root:This is a debug log.
DEBUG:root:This is a debug log.
DEBUG:root:This is a debug log.
DEBUG:root:This is a debug log.
DEBUG:root:This is a debug log.
DEBUG:root:This is a debug log.
DEBUG:root:This is a debug log.
DEBUG:root:This is a debug log.
DEBUG:root:This is a debug log.
DEBUG:root:This is a debug log.
DEBUG:root:This is a debug log.
DEBUG:root:This is a debug log.
DEBUG:root:This is a debug log.
DEBUG:root:This is a debug log.
DEBUG:root:This is a debug log.
DEBUG:root:This is a debug log.
DEBUG:root:This is a debug log.
DEBUG:root:This is a debug log.
DEBUG:root:This is a debug log.
DEBUG:root:This is a debug log.
DEBUG:root:This is a debug log.
DEBUG:root:This is a debug log.
DEBUG:root:This is a debug log.
DEBUG:root:This is a debug log.
DEBUG:root:This is a debug log.
DEBUG:root:This is a debug log.
DEBUG:root:This is a debug log.
DEBUG:root:This is a debug log.
DEBUG:root:This is a debug log.
DEBUG:root:This is a debug log.
DEBUG:root:This is a debug log.
DEBUG:root:This is a debug log.
DEBUG:root:This is a debug log.
DEBUG:root:This is a debug log.
DEBUG:root:This is a debug log.
DEBUG:root:This is a debug log.
DEBUG:root:This is a debug log.
DEBUG:root:This is a debug log.
DEBUG:root:This is a debug log.
DEBUG:root:This is a debug log.
DEBUG:root:This is a debug log.
DEBUG:root:This is a debug log.
DEBUG:root:This is a debug log.
DEBUG:root:This is a debug log.
DEBUG:root:This is a debug log.
DEBUG:root:This is a debug log.
DEBUG:root:This is a debug log.
DEBUG:root:This is a debug log.
DEBUG:root:This is a debug log.
DEBUG:root:This is a debug log.
DEBUG:root:This is a debug log.
DEBUG:root:This is a debug log.
DEBUG:root:This is a debug log.
DEBUG:root:This is a debug log.
DEBUG:root:This is a debug log.
DEBUG:root:This is a debug log.
DEBUG:root:This is a debug log.
DEBUG:root:This is a debug log.
DEBUG:root:This is a debug log.
DEBUG:root:This is a debug log.
DEBUG:root:This is a debug log.
DEBUG:root:This is a debug log.
DEBUG:root:This is a debug log.
DEBUG:root:This is a debug log.
DEBUG:root:This is a debug log.
DEBUG:root:This is a debug log.
DEBUG:root:This is a debug log.
DEBUG:root:This is a debug log.
DEBUG:root:This is a debug log.
DEBUG:root:This is a debug log.
DEBUG:root:This is a debug log.
DEBUG:root:This is a debug log.
DEBUG:root:This is a debug log.
DEBUG:root:This is a debug log.
DEBUG:root:This is a debug log.
DEBUG:root:This is a debug log.
DEBUG:root:This is a debug log.
DEBUG:root:This is a debug log.
DEBUG:root:This is a debug log.
DEBUG:root:This is a debug log.
DEBUG:root:This is a debug log.
DEBUG:root:This is a debug log.
DEBUG:root:This is a debug log.
DEBUG:root:This is a debug log.
DEBUG:root:This is a debug log.
DEBUG:root:This is a debug log.
DEBUG:root:This is a debug log.
DEBUG:root:This is a debug log.
DEBUG:root:This is a debug log.
DEBUG:root:This is a debug log.
DEBUG:root:This is a debug log.
DEBUG:root:This is a debug log.
DEBUG:root:This is a debug log.
DEBUG:root:This is a debug log.
DEBUG:root:This is a debug log.
DEBUG:root:This is a debug log.
DEBUG:root:This is a debug log.
DEBUG:root:This is a debug log.
DEBUG:root:This is a debug log.
DEBUG:root:This is a debug log.
DEBUG:root:This is a debug log.
DEBUG:root:This is a debug log.
DEBUG:root:This is a debug log.
DEBUG:root:This is a debug log.
DEBUG:root:This is a debug log.
DEBUG:root:This is a debug log.
DEBUG:root:This is a debug log.
DEBUG:root:This is a debug log.
DEBUG:root:This is a debug log.
DEBUG:root:This is a debug log.
DEBUG:root:This is a debug log.
DEBUG:root:This is a debug log.
DEBUG:root:This is a debug log.
DEBUG:root:This is a debug log.
